<?xml version="1.0" encoding="UTF-8"?>
<!-- Generated by org.testng.reporters.JUnitXMLReporter -->
<testsuite ignored="0" hostname="DESKTOP-QNV98VQ" failures="0" tests="8" name="Default test" time="23.039" errors="0" timestamp="2024-10-27T15:30:06 IST">
  <testcase classname="demo.saucedemo.LoginPage" name="urlVerify" time="2.441"/>
  <testcase classname="demo.saucedemo.LoginPage" name="loginTest" time="3.544"/>
  <testcase classname="demo.saucedemo.LoginPage" name="loginTest" time="0.978"/>
  <testcase classname="demo.saucedemo.LoginPage" name="loginTest" time="0.947"/>
  <testcase classname="demo.saucedemo.LoginPage" name="loginTest" time="1.043"/>
  <testcase classname="demo.saucedemo.LoginPage" name="loginTest" time="1.069"/>
  <testcase classname="demo.saucedemo.LoginPage" name="loginTest" time="1.012"/>
  <testcase classname="demo.saucedemo.LoginPage" name="loginTest" time="1.091"/>
</testsuite> <!-- Default test -->
