<?xml version="1.0" encoding="UTF-8"?>
<!-- Generated by org.testng.reporters.JUnitXMLReporter -->
<testsuite ignored="0" hostname="DESKTOP-QNV98VQ" failures="0" tests="8" name="Default test" time="24.008" errors="0" timestamp="2024-10-27T15:19:29 IST">
  <testcase classname="demo.saucedemo.LoginPage" name="urlVerify" time="1.902"/>
  <testcase classname="demo.saucedemo.LoginPage" name="loginTest" time="4.923"/>
  <testcase classname="demo.saucedemo.LoginPage" name="loginTest" time="1.007"/>
  <testcase classname="demo.saucedemo.LoginPage" name="loginTest" time="1.024"/>
  <testcase classname="demo.saucedemo.LoginPage" name="loginTest" time="0.999"/>
  <testcase classname="demo.saucedemo.LoginPage" name="loginTest" time="0.932"/>
  <testcase classname="demo.saucedemo.LoginPage" name="loginTest" time="0.958"/>
  <testcase classname="demo.saucedemo.LoginPage" name="loginTest" time="0.962"/>
</testsuite> <!-- Default test -->
