<?xml version="1.0" encoding="UTF-8"?>
<!-- Generated by org.testng.reporters.JUnitXMLReporter -->
<testsuite ignored="0" hostname="DESKTOP-GEENAQU" failures="0" tests="8" name="EdgeTest" time="110.887" errors="0" timestamp="2024-11-07T09:54:15 IST">
  <testcase classname="demo.saucedemo.LoginPage" name="urlVerify" time="0.809"/>
  <testcase classname="demo.saucedemo.LoginPage" name="loginTest" time="1.622"/>
  <testcase classname="demo.saucedemo.LoginPage" name="loginTest" time="1.014"/>
  <testcase classname="demo.saucedemo.LoginPage" name="loginTest" time="0.742"/>
  <testcase classname="demo.saucedemo.LoginPage" name="loginTest" time="0.711"/>
  <testcase classname="demo.saucedemo.LoginPage" name="loginTest" time="1.648"/>
  <testcase classname="demo.saucedemo.LoginPage" name="loginTest" time="0.65"/>
  <testcase classname="demo.saucedemo.LoginPage" name="loginTest" time="0.663"/>
</testsuite> <!-- EdgeTest -->
