<?xml version="1.0" encoding="UTF-8"?>
<!-- Generated by org.testng.reporters.JUnitXMLReporter -->
<testsuite ignored="0" hostname="DESKTOP-GEENAQU" failures="0" tests="8" name="FirefoxTest" time="79.098" errors="0" timestamp="2024-11-07T09:52:24 IST">
  <testcase classname="demo.saucedemo.LoginPage" name="urlVerify" time="4.359"/>
  <testcase classname="demo.saucedemo.LoginPage" name="loginTest" time="2.84"/>
  <testcase classname="demo.saucedemo.LoginPage" name="loginTest" time="1.144"/>
  <testcase classname="demo.saucedemo.LoginPage" name="loginTest" time="1.964"/>
  <testcase classname="demo.saucedemo.LoginPage" name="loginTest" time="4.123"/>
  <testcase classname="demo.saucedemo.LoginPage" name="loginTest" time="5.556"/>
  <testcase classname="demo.saucedemo.LoginPage" name="loginTest" time="2.897"/>
  <testcase classname="demo.saucedemo.LoginPage" name="loginTest" time="0.897"/>
</testsuite> <!-- FirefoxTest -->
