<?xml version="1.0" encoding="UTF-8"?>
<!-- Generated by org.testng.reporters.JUnitXMLReporter -->
<testsuite ignored="0" hostname="DESKTOP-GEENAQU" failures="0" tests="8" name="Test" time="39.723" errors="0" timestamp="2024-11-07T09:51:05 IST">
  <testcase classname="demo.saucedemo.LoginPage" name="urlVerify" time="2.14"/>
  <testcase classname="demo.saucedemo.LoginPage" name="loginTest" time="3.065"/>
  <testcase classname="demo.saucedemo.LoginPage" name="loginTest" time="1.009"/>
  <testcase classname="demo.saucedemo.LoginPage" name="loginTest" time="1.716"/>
  <testcase classname="demo.saucedemo.LoginPage" name="loginTest" time="0.822"/>
  <testcase classname="demo.saucedemo.LoginPage" name="loginTest" time="0.783"/>
  <testcase classname="demo.saucedemo.LoginPage" name="loginTest" time="1.47"/>
  <testcase classname="demo.saucedemo.LoginPage" name="loginTest" time="1.118"/>
</testsuite> <!-- Test -->
