<?xml version="1.0" encoding="UTF-8"?>
<testng-results ignored="0" total="8" passed="8" failed="0" skipped="0">
  <reporter-output>
  </reporter-output>
  <suite started-at="2024-10-27T15:19:05 IST" name="Default suite" finished-at="2024-10-27T15:19:29 IST" duration-ms="24008">
    <groups>
    </groups>
    <test started-at="2024-10-27T15:19:05 IST" name="Default test" finished-at="2024-10-27T15:19:29 IST" duration-ms="24008">
      <class name="demo.saucedemo.LoginPage">
        <test-method is-config="true" signature="beforeClass()[pri:0, instance:demo.saucedemo.LoginPage@dd05255]" started-at="2024-10-27T15:19:05 IST" name="beforeClass" finished-at="2024-10-27T15:19:05 IST" duration-ms="12" status="PASS">
          <reporter-output>
          </reporter-output>
        </test-method> <!-- beforeClass -->
        <test-method is-config="true" signature="beforeMethod()[pri:0, instance:demo.saucedemo.LoginPage@dd05255]" started-at="2024-10-27T15:19:05 IST" name="beforeMethod" finished-at="2024-10-27T15:19:06 IST" duration-ms="1650" status="PASS">
          <reporter-output>
          </reporter-output>
        </test-method> <!-- beforeMethod -->
        <test-method signature="urlVerify()[pri:1, instance:demo.saucedemo.LoginPage@dd05255]" started-at="2024-10-27T15:19:06 IST" name="urlVerify" finished-at="2024-10-27T15:19:08 IST" duration-ms="1902" status="PASS">
          <reporter-output>
          </reporter-output>
        </test-method> <!-- urlVerify -->
        <test-method is-config="true" signature="afterMethod()[pri:0, instance:demo.saucedemo.LoginPage@dd05255]" started-at="2024-10-27T15:19:08 IST" name="afterMethod" finished-at="2024-10-27T15:19:08 IST" duration-ms="171" status="PASS">
          <reporter-output>
          </reporter-output>
        </test-method> <!-- afterMethod -->
        <test-method is-config="true" signature="beforeMethod()[pri:0, instance:demo.saucedemo.LoginPage@dd05255]" started-at="2024-10-27T15:19:08 IST" name="beforeMethod" finished-at="2024-10-27T15:19:10 IST" duration-ms="1186" status="PASS">
          <reporter-output>
          </reporter-output>
        </test-method> <!-- beforeMethod -->
        <test-method signature="loginTest(java.lang.String,java.lang.String,boolean)[pri:2, instance:demo.saucedemo.LoginPage@dd05255]" started-at="2024-10-27T15:19:10 IST" name="loginTest" data-provider="loginTestData" finished-at="2024-10-27T15:19:14 IST" duration-ms="4923" status="PASS">
          <params>
            <param index="0">
              <value>
                <![CDATA[standard_user]]>
              </value>
            </param>
            <param index="1">
              <value>
                <![CDATA[secret_sauce]]>
              </value>
            </param>
            <param index="2">
              <value>
                <![CDATA[true]]>
              </value>
            </param>
          </params>
          <reporter-output>
          </reporter-output>
        </test-method> <!-- loginTest -->
        <test-method is-config="true" signature="afterMethod()[pri:0, instance:demo.saucedemo.LoginPage@dd05255]" started-at="2024-10-27T15:19:14 IST" name="afterMethod" finished-at="2024-10-27T15:19:15 IST" duration-ms="173" status="PASS">
          <reporter-output>
          </reporter-output>
        </test-method> <!-- afterMethod -->
        <test-method is-config="true" signature="beforeMethod()[pri:0, instance:demo.saucedemo.LoginPage@dd05255]" started-at="2024-10-27T15:19:15 IST" name="beforeMethod" finished-at="2024-10-27T15:19:16 IST" duration-ms="1188" status="PASS">
          <reporter-output>
          </reporter-output>
        </test-method> <!-- beforeMethod -->
        <test-method signature="loginTest(java.lang.String,java.lang.String,boolean)[pri:2, instance:demo.saucedemo.LoginPage@dd05255]" started-at="2024-10-27T15:19:16 IST" name="loginTest" data-provider="loginTestData" finished-at="2024-10-27T15:19:17 IST" duration-ms="1007" status="PASS">
          <params>
            <param index="0">
              <value>
                <![CDATA[standard_user]]>
              </value>
            </param>
            <param index="1">
              <value>
                <![CDATA[abcd]]>
              </value>
            </param>
            <param index="2">
              <value>
                <![CDATA[false]]>
              </value>
            </param>
          </params>
          <reporter-output>
          </reporter-output>
        </test-method> <!-- loginTest -->
        <test-method is-config="true" signature="afterMethod()[pri:0, instance:demo.saucedemo.LoginPage@dd05255]" started-at="2024-10-27T15:19:17 IST" name="afterMethod" finished-at="2024-10-27T15:19:17 IST" duration-ms="153" status="PASS">
          <reporter-output>
          </reporter-output>
        </test-method> <!-- afterMethod -->
        <test-method is-config="true" signature="beforeMethod()[pri:0, instance:demo.saucedemo.LoginPage@dd05255]" started-at="2024-10-27T15:19:17 IST" name="beforeMethod" finished-at="2024-10-27T15:19:18 IST" duration-ms="1167" status="PASS">
          <reporter-output>
          </reporter-output>
        </test-method> <!-- beforeMethod -->
        <test-method signature="loginTest(java.lang.String,java.lang.String,boolean)[pri:2, instance:demo.saucedemo.LoginPage@dd05255]" started-at="2024-10-27T15:19:18 IST" name="loginTest" data-provider="loginTestData" finished-at="2024-10-27T15:19:19 IST" duration-ms="1024" status="PASS">
          <params>
            <param index="0">
              <value>
                <![CDATA[]]>
              </value>
            </param>
            <param index="1">
              <value>
                <![CDATA[]]>
              </value>
            </param>
            <param index="2">
              <value>
                <![CDATA[false]]>
              </value>
            </param>
          </params>
          <reporter-output>
          </reporter-output>
        </test-method> <!-- loginTest -->
        <test-method is-config="true" signature="afterMethod()[pri:0, instance:demo.saucedemo.LoginPage@dd05255]" started-at="2024-10-27T15:19:19 IST" name="afterMethod" finished-at="2024-10-27T15:19:19 IST" duration-ms="145" status="PASS">
          <reporter-output>
          </reporter-output>
        </test-method> <!-- afterMethod -->
        <test-method is-config="true" signature="beforeMethod()[pri:0, instance:demo.saucedemo.LoginPage@dd05255]" started-at="2024-10-27T15:19:19 IST" name="beforeMethod" finished-at="2024-10-27T15:19:21 IST" duration-ms="1229" status="PASS">
          <reporter-output>
          </reporter-output>
        </test-method> <!-- beforeMethod -->
        <test-method signature="loginTest(java.lang.String,java.lang.String,boolean)[pri:2, instance:demo.saucedemo.LoginPage@dd05255]" started-at="2024-10-27T15:19:21 IST" name="loginTest" data-provider="loginTestData" finished-at="2024-10-27T15:19:22 IST" duration-ms="999" status="PASS">
          <params>
            <param index="0">
              <value>
                <![CDATA[abcd]]>
              </value>
            </param>
            <param index="1">
              <value>
                <![CDATA[secret_sauce]]>
              </value>
            </param>
            <param index="2">
              <value>
                <![CDATA[false]]>
              </value>
            </param>
          </params>
          <reporter-output>
          </reporter-output>
        </test-method> <!-- loginTest -->
        <test-method is-config="true" signature="afterMethod()[pri:0, instance:demo.saucedemo.LoginPage@dd05255]" started-at="2024-10-27T15:19:22 IST" name="afterMethod" finished-at="2024-10-27T15:19:22 IST" duration-ms="176" status="PASS">
          <reporter-output>
          </reporter-output>
        </test-method> <!-- afterMethod -->
        <test-method is-config="true" signature="beforeMethod()[pri:0, instance:demo.saucedemo.LoginPage@dd05255]" started-at="2024-10-27T15:19:22 IST" name="beforeMethod" finished-at="2024-10-27T15:19:23 IST" duration-ms="1190" status="PASS">
          <reporter-output>
          </reporter-output>
        </test-method> <!-- beforeMethod -->
        <test-method signature="loginTest(java.lang.String,java.lang.String,boolean)[pri:2, instance:demo.saucedemo.LoginPage@dd05255]" started-at="2024-10-27T15:19:23 IST" name="loginTest" data-provider="loginTestData" finished-at="2024-10-27T15:19:24 IST" duration-ms="932" status="PASS">
          <params>
            <param index="0">
              <value>
                <![CDATA[]]>
              </value>
            </param>
            <param index="1">
              <value>
                <![CDATA[secret_sauce]]>
              </value>
            </param>
            <param index="2">
              <value>
                <![CDATA[false]]>
              </value>
            </param>
          </params>
          <reporter-output>
          </reporter-output>
        </test-method> <!-- loginTest -->
        <test-method is-config="true" signature="afterMethod()[pri:0, instance:demo.saucedemo.LoginPage@dd05255]" started-at="2024-10-27T15:19:24 IST" name="afterMethod" finished-at="2024-10-27T15:19:24 IST" duration-ms="129" status="PASS">
          <reporter-output>
          </reporter-output>
        </test-method> <!-- afterMethod -->
        <test-method is-config="true" signature="beforeMethod()[pri:0, instance:demo.saucedemo.LoginPage@dd05255]" started-at="2024-10-27T15:19:24 IST" name="beforeMethod" finished-at="2024-10-27T15:19:25 IST" duration-ms="1151" status="PASS">
          <reporter-output>
          </reporter-output>
        </test-method> <!-- beforeMethod -->
        <test-method signature="loginTest(java.lang.String,java.lang.String,boolean)[pri:2, instance:demo.saucedemo.LoginPage@dd05255]" started-at="2024-10-27T15:19:25 IST" name="loginTest" data-provider="loginTestData" finished-at="2024-10-27T15:19:26 IST" duration-ms="958" status="PASS">
          <params>
            <param index="0">
              <value>
                <![CDATA[standard_user]]>
              </value>
            </param>
            <param index="1">
              <value>
                <![CDATA[]]>
              </value>
            </param>
            <param index="2">
              <value>
                <![CDATA[false]]>
              </value>
            </param>
          </params>
          <reporter-output>
          </reporter-output>
        </test-method> <!-- loginTest -->
        <test-method is-config="true" signature="afterMethod()[pri:0, instance:demo.saucedemo.LoginPage@dd05255]" started-at="2024-10-27T15:19:26 IST" name="afterMethod" finished-at="2024-10-27T15:19:26 IST" duration-ms="193" status="PASS">
          <reporter-output>
          </reporter-output>
        </test-method> <!-- afterMethod -->
        <test-method is-config="true" signature="beforeMethod()[pri:0, instance:demo.saucedemo.LoginPage@dd05255]" started-at="2024-10-27T15:19:26 IST" name="beforeMethod" finished-at="2024-10-27T15:19:27 IST" duration-ms="1179" status="PASS">
          <reporter-output>
          </reporter-output>
        </test-method> <!-- beforeMethod -->
        <test-method signature="loginTest(java.lang.String,java.lang.String,boolean)[pri:2, instance:demo.saucedemo.LoginPage@dd05255]" started-at="2024-10-27T15:19:27 IST" name="loginTest" data-provider="loginTestData" finished-at="2024-10-27T15:19:28 IST" duration-ms="962" status="PASS">
          <params>
            <param index="0">
              <value>
                <![CDATA[standard]]>
              </value>
            </param>
            <param index="1">
              <value>
                <![CDATA[abcd]]>
              </value>
            </param>
            <param index="2">
              <value>
                <![CDATA[false]]>
              </value>
            </param>
          </params>
          <reporter-output>
          </reporter-output>
        </test-method> <!-- loginTest -->
        <test-method is-config="true" signature="afterMethod()[pri:0, instance:demo.saucedemo.LoginPage@dd05255]" started-at="2024-10-27T15:19:28 IST" name="afterMethod" finished-at="2024-10-27T15:19:29 IST" duration-ms="146" status="PASS">
          <reporter-output>
          </reporter-output>
        </test-method> <!-- afterMethod -->
        <test-method is-config="true" signature="afterClass()[pri:0, instance:demo.saucedemo.LoginPage@dd05255]" started-at="2024-10-27T15:19:29 IST" name="afterClass" finished-at="2024-10-27T15:19:29 IST" duration-ms="0" status="PASS">
          <reporter-output>
          </reporter-output>
        </test-method> <!-- afterClass -->
      </class> <!-- demo.saucedemo.LoginPage -->
    </test> <!-- Default test -->
  </suite> <!-- Default suite -->
</testng-results>
