<?xml version="1.0" encoding="UTF-8"?>
<testng-results ignored="0" total="1" passed="1" failed="0" skipped="0">
  <reporter-output>
  </reporter-output>
  <suite started-at="2024-10-26T22:02:47 IST" name="Default suite" finished-at="2024-10-26T22:02:50 IST" duration-ms="3211">
    <groups>
    </groups>
    <test started-at="2024-10-26T22:02:47 IST" name="Default test" finished-at="2024-10-26T22:02:50 IST" duration-ms="3211">
      <class name="demo.saucedemo.LoginPage">
        <test-method is-config="true" signature="beforeClass()[pri:0, instance:demo.saucedemo.LoginPage@45752059]" started-at="2024-10-26T22:02:47 IST" name="beforeClass" finished-at="2024-10-26T22:02:49 IST" duration-ms="1685" status="PASS">
          <reporter-output>
          </reporter-output>
        </test-method> <!-- beforeClass -->
        <test-method is-config="true" signature="beforeMethod()[pri:0, instance:demo.saucedemo.LoginPage@45752059]" started-at="2024-10-26T22:02:49 IST" name="beforeMethod" finished-at="2024-10-26T22:02:49 IST" duration-ms="40" status="PASS">
          <reporter-output>
          </reporter-output>
        </test-method> <!-- beforeMethod -->
        <test-method signature="loginPage()[pri:1, instance:demo.saucedemo.LoginPage@45752059]" started-at="2024-10-26T22:02:49 IST" name="loginPage" finished-at="2024-10-26T22:02:50 IST" duration-ms="1441" status="PASS">
          <reporter-output>
          </reporter-output>
        </test-method> <!-- loginPage -->
        <test-method is-config="true" signature="afterMethod()[pri:0, instance:demo.saucedemo.LoginPage@45752059]" started-at="2024-10-26T22:02:50 IST" name="afterMethod" finished-at="2024-10-26T22:02:50 IST" duration-ms="1" status="PASS">
          <reporter-output>
          </reporter-output>
        </test-method> <!-- afterMethod -->
        <test-method is-config="true" signature="afterClass()[pri:0, instance:demo.saucedemo.LoginPage@45752059]" started-at="2024-10-26T22:02:50 IST" name="afterClass" finished-at="2024-10-26T22:02:50 IST" duration-ms="1" status="PASS">
          <reporter-output>
          </reporter-output>
        </test-method> <!-- afterClass -->
      </class> <!-- demo.saucedemo.LoginPage -->
    </test> <!-- Default test -->
  </suite> <!-- Default suite -->
</testng-results>
